e:\dnat项目\c++ post\curlhttp\curlhttp\debug\curlhttp.pch
e:\dnat项目\c++ post\curlhttp\curlhttp\debug\stdafx.obj
e:\dnat项目\c++ post\curlhttp\curlhttp\debug\vc100.pdb
e:\dnat项目\c++ post\curlhttp\curlhttp\debug\curlhttp.obj
e:\dnat项目\c++ post\curlhttp\debug\curlhttp.ilk
e:\dnat项目\c++ post\curlhttp\debug\curlhttp.exe
e:\dnat项目\c++ post\curlhttp\curlhttp\debug\curlhttp.exe.intermediate.manifest
e:\dnat项目\c++ post\curlhttp\debug\curlhttp.pdb
e:\dnat项目\c++ post\curlhttp\curlhttp\debug\curlhttp.exe.embed.manifest
e:\dnat项目\c++ post\curlhttp\curlhttp\debug\curlhttp.exe.embed.manifest.res
e:\dnat项目\c++ post\curlhttp\curlhttp\debug\cl.command.1.tlog
e:\dnat项目\c++ post\curlhttp\curlhttp\debug\cl.read.1.tlog
e:\dnat项目\c++ post\curlhttp\curlhttp\debug\cl.write.1.tlog
e:\dnat项目\c++ post\curlhttp\curlhttp\debug\curlhttp.write.1.tlog
e:\dnat项目\c++ post\curlhttp\curlhttp\debug\link-cvtres.read.1.tlog
e:\dnat项目\c++ post\curlhttp\curlhttp\debug\link-cvtres.write.1.tlog
e:\dnat项目\c++ post\curlhttp\curlhttp\debug\link.6856-cvtres.read.1.tlog
e:\dnat项目\c++ post\curlhttp\curlhttp\debug\link.6856-cvtres.write.1.tlog
e:\dnat项目\c++ post\curlhttp\curlhttp\debug\link.6856.read.1.tlog
e:\dnat项目\c++ post\curlhttp\curlhttp\debug\link.6856.write.1.tlog
e:\dnat项目\c++ post\curlhttp\curlhttp\debug\link.9620-cvtres.read.1.tlog
e:\dnat项目\c++ post\curlhttp\curlhttp\debug\link.9620-cvtres.write.1.tlog
e:\dnat项目\c++ post\curlhttp\curlhttp\debug\link.9620.read.1.tlog
e:\dnat项目\c++ post\curlhttp\curlhttp\debug\link.9620.write.1.tlog
e:\dnat项目\c++ post\curlhttp\curlhttp\debug\link.command.1.tlog
e:\dnat项目\c++ post\curlhttp\curlhttp\debug\link.read.1.tlog
e:\dnat项目\c++ post\curlhttp\curlhttp\debug\link.write.1.tlog
e:\dnat项目\c++ post\curlhttp\curlhttp\debug\mt.command.1.tlog
e:\dnat项目\c++ post\curlhttp\curlhttp\debug\mt.read.1.tlog
e:\dnat项目\c++ post\curlhttp\curlhttp\debug\mt.write.1.tlog
e:\dnat项目\c++ post\curlhttp\curlhttp\debug\rc.command.1.tlog
e:\dnat项目\c++ post\curlhttp\curlhttp\debug\rc.read.1.tlog
e:\dnat项目\c++ post\curlhttp\curlhttp\debug\rc.write.1.tlog
e:\dnat项目\c++ post\curlhttp\curlhttp\debug\vc100.idb
e:\dnat项目\c++ post\curlhttp\curlhttp\debug\curlhttp_manifest.rc
